# JRE version: OpenJDK Runtime Environment (8.0_242-b01) (build 1.8.0_242-release-1644-b01)
# Java VM: OpenJDK 64-Bit Server VM (25.242-b01 mixed mode windows-amd64 compressed oops)
Heap:
 PSYoungGen      total 140800K, used 2061K [0x00000000e0000000, 0x00000000ea880000, 0x0000000100000000)
  eden space 130048K, 0% used [0x00000000e0000000,0x00000000e0000000,0x00000000e7f00000)
  from space 10752K, 19% used [0x00000000e9e00000,0x00000000ea003480,0x00000000ea880000)
  to   space 10752K, 0% used [0x00000000e7f00000,0x00000000e7f00000,0x00000000e8980000)
 ParOldGen       total 167936K, used 20055K [0x00000000a0000000, 0x00000000aa400000, 0x00000000e0000000)
  object space 167936K, 11% used [0x00000000a0000000,0x00000000a1395c20,0x00000000aa400000)
 Metaspace       used 36049K, capacity 36613K, committed 36904K, reserved 1083392K
  class space    used 4658K, capacity 4783K, committed 4784K, reserved 1048576K
GC Heap History (10 events):
Event: 2.036 GC heap after
Heap after GC invocations=4 (full 1):
 PSYoungGen      total 75776K, used 5775K [0x00000000e0000000, 0x00000000e9400000, 0x0000000100000000)
  eden space 65024K, 0% used [0x00000000e0000000,0x00000000e0000000,0x00000000e3f80000)
  from space 10752K, 53% used [0x00000000e3f80000,0x00000000e4523ff0,0x00000000e4a00000)
  to   space 10752K, 0% used [0x00000000e8980000,0x00000000e8980000,0x00000000e9400000)
 ParOldGen       total 173568K, used 6283K [0x00000000a0000000, 0x00000000aa980000, 0x00000000e0000000)
  object space 173568K, 3% used [0x00000000a0000000,0x00000000a0622d20,0x00000000aa980000)
 Metaspace       used 20764K, capacity 21161K, committed 21296K, reserved 1069056K
  class space    used 2455K, capacity 2583K, committed 2608K, reserved 1048576K
}
Event: 2.036 GC heap before
{Heap before GC invocations=5 (full 2):
 PSYoungGen      total 75776K, used 5775K [0x00000000e0000000, 0x00000000e9400000, 0x0000000100000000)
  eden space 65024K, 0% used [0x00000000e0000000,0x00000000e0000000,0x00000000e3f80000)
  from space 10752K, 53% used [0x00000000e3f80000,0x00000000e4523ff0,0x00000000e4a00000)
  to   space 10752K, 0% used [0x00000000e8980000,0x00000000e8980000,0x00000000e9400000)
 ParOldGen       total 173568K, used 6283K [0x00000000a0000000, 0x00000000aa980000, 0x00000000e0000000)
  object space 173568K, 3% used [0x00000000a0000000,0x00000000a0622d20,0x00000000aa980000)
 Metaspace       used 20764K, capacity 21161K, committed 21296K, reserved 1069056K
  class space    used 2455K, capacity 2583K, committed 2608K, reserved 1048576K
Event: 2.064 GC heap after
Heap after GC invocations=5 (full 2):
 PSYoungGen      total 75776K, used 0K [0x00000000e0000000, 0x00000000e9400000, 0x0000000100000000)
  eden space 65024K, 0% used [0x00000000e0000000,0x00000000e0000000,0x00000000e3f80000)
  from space 10752K, 0% used [0x00000000e3f80000,0x00000000e3f80000,0x00000000e4a00000)
  to   space 10752K, 0% used [0x00000000e8980000,0x00000000e8980000,0x00000000e9400000)
 ParOldGen       total 102912K, used 7204K [0x00000000a0000000, 0x00000000a6480000, 0x00000000e0000000)
  object space 102912K, 7% used [0x00000000a0000000,0x00000000a07091f8,0x00000000a6480000)
 Metaspace       used 20764K, capacity 21161K, committed 21296K, reserved 1069056K
  class space    used 2455K, capacity 2583K, committed 2608K, reserved 1048576K
}
Event: 3.320 GC heap before
{Heap before GC invocations=6 (full 2):
 PSYoungGen      total 75776K, used 65024K [0x00000000e0000000, 0x00000000e9400000, 0x0000000100000000)
  eden space 65024K, 100% used [0x00000000e0000000,0x00000000e3f80000,0x00000000e3f80000)
  from space 10752K, 0% used [0x00000000e3f80000,0x00000000e3f80000,0x00000000e4a00000)
  to   space 10752K, 0% used [0x00000000e8980000,0x00000000e8980000,0x00000000e9400000)
 ParOldGen       total 102912K, used 7204K [0x00000000a0000000, 0x00000000a6480000, 0x00000000e0000000)
  object space 102912K, 7% used [0x00000000a0000000,0x00000000a07091f8,0x00000000a6480000)
 Metaspace       used 30351K, capacity 30899K, committed 31280K, reserved 1077248K
  class space    used 3903K, capacity 4064K, committed 4144K, reserved 1048576K
Event: 3.335 GC heap after
Heap after GC invocations=6 (full 2):
 PSYoungGen      total 111104K, used 10746K [0x00000000e0000000, 0x00000000e9400000, 0x0000000100000000)
  eden space 100352K, 0% used [0x00000000e0000000,0x00000000e0000000,0x00000000e6200000)
  from space 10752K, 99% used [0x00000000e8980000,0x00000000e93febc0,0x00000000e9400000)
  to   space 10752K, 0% used [0x00000000e7f00000,0x00000000e7f00000,0x00000000e8980000)
 ParOldGen       total 102912K, used 11479K [0x00000000a0000000, 0x00000000a6480000, 0x00000000e0000000)
  object space 102912K, 11% used [0x00000000a0000000,0x00000000a0b35c20,0x00000000a6480000)
 Metaspace       used 30351K, capacity 30899K, committed 31280K, reserved 1077248K
  class space    used 3903K, capacity 4064K, committed 4144K, reserved 1048576K
}
Event: 4.045 GC heap before
{Heap before GC invocations=7 (full 2):
 PSYoungGen      total 111104K, used 43581K [0x00000000e0000000, 0x00000000e9400000, 0x0000000100000000)
  eden space 100352K, 32% used [0x00000000e0000000,0x00000000e2010a50,0x00000000e6200000)
  from space 10752K, 99% used [0x00000000e8980000,0x00000000e93febc0,0x00000000e9400000)
  to   space 10752K, 0% used [0x00000000e7f00000,0x00000000e7f00000,0x00000000e8980000)
 ParOldGen       total 102912K, used 11479K [0x00000000a0000000, 0x00000000a6480000, 0x00000000e0000000)
  object space 102912K, 11% used [0x00000000a0000000,0x00000000a0b35c20,0x00000000a6480000)
 Metaspace       used 34700K, capacity 35187K, committed 35496K, reserved 1081344K
  class space    used 4487K, capacity 4612K, committed 4656K, reserved 1048576K
Event: 4.056 GC heap after
Heap after GC invocations=7 (full 2):
 PSYoungGen      total 140800K, used 10733K [0x00000000e0000000, 0x00000000ea880000, 0x0000000100000000)
  eden space 130048K, 0% used [0x00000000e0000000,0x00000000e0000000,0x00000000e7f00000)
  from space 10752K, 99% used [0x00000000e7f00000,0x00000000e897b670,0x00000000e8980000)
  to   space 10752K, 0% used [0x00000000e9e00000,0x00000000e9e00000,0x00000000ea880000)
 ParOldGen       total 102912K, used 14820K [0x00000000a0000000, 0x00000000a6480000, 0x00000000e0000000)
  object space 102912K, 14% used [0x00000000a0000000,0x00000000a0e792f8,0x00000000a6480000)
 Metaspace       used 34700K, capacity 35187K, committed 35496K, reserved 1081344K
  class space    used 4487K, capacity 4612K, committed 4656K, reserved 1048576K
}
Event: 4.056 GC heap before
{Heap before GC invocations=8 (full 3):
 PSYoungGen      total 140800K, used 10733K [0x00000000e0000000, 0x00000000ea880000, 0x0000000100000000)
  eden space 130048K, 0% used [0x00000000e0000000,0x00000000e0000000,0x00000000e7f00000)
  from space 10752K, 99% used [0x00000000e7f00000,0x00000000e897b670,0x00000000e8980000)
  to   space 10752K, 0% used [0x00000000e9e00000,0x00000000e9e00000,0x00000000ea880000)
 ParOldGen       total 102912K, used 14820K [0x00000000a0000000, 0x00000000a6480000, 0x00000000e0000000)
  object space 102912K, 14% used [0x00000000a0000000,0x00000000a0e792f8,0x00000000a6480000)
 Metaspace       used 34700K, capacity 35187K, committed 35496K, reserved 1081344K
  class space    used 4487K, capacity 4612K, committed 4656K, reserved 1048576K
Event: 4.141 GC heap after
Heap after GC invocations=8 (full 3):
 PSYoungGen      total 140800K, used 0K [0x00000000e0000000, 0x00000000ea880000, 0x0000000100000000)
  eden space 130048K, 0% used [0x00000000e0000000,0x00000000e0000000,0x00000000e7f00000)
  from space 10752K, 0% used [0x00000000e7f00000,0x00000000e7f00000,0x00000000e8980000)
  to   space 10752K, 0% used [0x00000000e9e00000,0x00000000e9e00000,0x00000000ea880000)
 ParOldGen       total 167936K, used 20047K [0x00000000a0000000, 0x00000000aa400000, 0x00000000e0000000)
  object space 167936K, 11% used [0x00000000a0000000,0x00000000a1393c20,0x00000000aa400000)
 Metaspace       used 34700K, capacity 35187K, committed 35496K, reserved 1081344K
  class space    used 4487K, capacity 4612K, committed 4656K, reserved 1048576K
}
Event: 4.339 GC heap before
{Heap before GC invocations=9 (full 3):
 PSYoungGen      total 140800K, used 9329K [0x00000000e0000000, 0x00000000ea880000, 0x0000000100000000)
  eden space 130048K, 7% used [0x00000000e0000000,0x00000000e091c6b8,0x00000000e7f00000)
  from space 10752K, 0% used [0x00000000e7f00000,0x00000000e7f00000,0x00000000e8980000)
  to   space 10752K, 0% used [0x00000000e9e00000,0x00000000e9e00000,0x00000000ea880000)
 ParOldGen       total 167936K, used 20047K [0x00000000a0000000, 0x00000000aa400000, 0x00000000e0000000)
  object space 167936K, 11% used [0x00000000a0000000,0x00000000a1393c20,0x00000000aa400000)
 Metaspace       used 36049K, capacity 36613K, committed 36904K, reserved 1083392K
  class space    used 4658K, capacity 4783K, committed 4784K, reserved 1048576K

