# JRE version: OpenJDK Runtime Environment (8.0_242-b01) (build 1.8.0_242-release-1644-b01)
# Java VM: OpenJDK 64-Bit Server VM (25.242-b01 mixed mode windows-amd64 compressed oops)
Heap:
 PSYoungGen      total 140800K, used 57545K [0x000000076b580000, 0x0000000774980000, 0x00000007c0000000)
  eden space 130048K, 44% used [0x000000076b580000,0x000000076edb25a8,0x0000000773480000)
  from space 10752K, 0% used [0x0000000773480000,0x0000000773480000,0x0000000773f00000)
  to   space 10752K, 0% used [0x0000000773f00000,0x0000000773f00000,0x0000000774980000)
 ParOldGen       total 112128K, used 29828K [0x00000006c2000000, 0x00000006c8d80000, 0x000000076b580000)
  object space 112128K, 26% used [0x00000006c2000000,0x00000006c3d213b8,0x00000006c8d80000)
 Metaspace       used 36684K, capacity 37263K, committed 37544K, reserved 1083392K
  class space    used 4726K, capacity 4900K, committed 4912K, reserved 1048576K
GC Heap History (10 events):
Event: 1.031 GC heap before
{Heap before GC invocations=1 (full 0):
 PSYoungGen      total 75776K, used 65024K [0x000000076b580000, 0x0000000770a00000, 0x00000007c0000000)
  eden space 65024K, 100% used [0x000000076b580000,0x000000076f500000,0x000000076f500000)
  from space 10752K, 0% used [0x000000076ff80000,0x000000076ff80000,0x0000000770a00000)
  to   space 10752K, 0% used [0x000000076f500000,0x000000076f500000,0x000000076ff80000)
 ParOldGen       total 173568K, used 0K [0x00000006c2000000, 0x00000006cc980000, 0x000000076b580000)
  object space 173568K, 0% used [0x00000006c2000000,0x00000006c2000000,0x00000006cc980000)
 Metaspace       used 17012K, capacity 17310K, committed 17536K, reserved 1064960K
  class space    used 1986K, capacity 2097K, committed 2176K, reserved 1048576K
Event: 1.043 GC heap after
Heap after GC invocations=1 (full 0):
 PSYoungGen      total 75776K, used 10729K [0x000000076b580000, 0x0000000774980000, 0x00000007c0000000)
  eden space 65024K, 0% used [0x000000076b580000,0x000000076b580000,0x000000076f500000)
  from space 10752K, 99% used [0x000000076f500000,0x000000076ff7a638,0x000000076ff80000)
  to   space 10752K, 0% used [0x0000000773f00000,0x0000000773f00000,0x0000000774980000)
 ParOldGen       total 173568K, used 4721K [0x00000006c2000000, 0x00000006cc980000, 0x000000076b580000)
  object space 173568K, 2% used [0x00000006c2000000,0x00000006c249c630,0x00000006cc980000)
 Metaspace       used 17012K, capacity 17310K, committed 17536K, reserved 1064960K
  class space    used 1986K, capacity 2097K, committed 2176K, reserved 1048576K
}
Event: 1.233 GC heap before
{Heap before GC invocations=2 (full 0):
 PSYoungGen      total 75776K, used 26981K [0x000000076b580000, 0x0000000774980000, 0x00000007c0000000)
  eden space 65024K, 24% used [0x000000076b580000,0x000000076c55eee8,0x000000076f500000)
  from space 10752K, 99% used [0x000000076f500000,0x000000076ff7a638,0x000000076ff80000)
  to   space 10752K, 0% used [0x0000000773f00000,0x0000000773f00000,0x0000000774980000)
 ParOldGen       total 173568K, used 4721K [0x00000006c2000000, 0x00000006cc980000, 0x000000076b580000)
  object space 173568K, 2% used [0x00000006c2000000,0x00000006c249c630,0x00000006cc980000)
 Metaspace       used 20730K, capacity 21054K, committed 21296K, reserved 1067008K
  class space    used 2709K, capacity 2835K, committed 2864K, reserved 1048576K
Event: 1.239 GC heap after
Heap after GC invocations=2 (full 0):
 PSYoungGen      total 140800K, used 8337K [0x000000076b580000, 0x0000000774980000, 0x00000007c0000000)
  eden space 130048K, 0% used [0x000000076b580000,0x000000076b580000,0x0000000773480000)
  from space 10752K, 77% used [0x0000000773f00000,0x00000007747247a8,0x0000000774980000)
  to   space 10752K, 0% used [0x0000000773480000,0x0000000773480000,0x0000000773f00000)
 ParOldGen       total 173568K, used 4729K [0x00000006c2000000, 0x00000006cc980000, 0x000000076b580000)
  object space 173568K, 2% used [0x00000006c2000000,0x00000006c249e630,0x00000006cc980000)
 Metaspace       used 20730K, capacity 21054K, committed 21296K, reserved 1067008K
  class space    used 2709K, capacity 2835K, committed 2864K, reserved 1048576K
}
Event: 1.239 GC heap before
{Heap before GC invocations=3 (full 1):
 PSYoungGen      total 140800K, used 8337K [0x000000076b580000, 0x0000000774980000, 0x00000007c0000000)
  eden space 130048K, 0% used [0x000000076b580000,0x000000076b580000,0x0000000773480000)
  from space 10752K, 77% used [0x0000000773f00000,0x00000007747247a8,0x0000000774980000)
  to   space 10752K, 0% used [0x0000000773480000,0x0000000773480000,0x0000000773f00000)
 ParOldGen       total 173568K, used 4729K [0x00000006c2000000, 0x00000006cc980000, 0x000000076b580000)
  object space 173568K, 2% used [0x00000006c2000000,0x00000006c249e630,0x00000006cc980000)
 Metaspace       used 20730K, capacity 21054K, committed 21296K, reserved 1067008K
  class space    used 2709K, capacity 2835K, committed 2864K, reserved 1048576K
Event: 1.265 GC heap after
Heap after GC invocations=3 (full 1):
 PSYoungGen      total 140800K, used 0K [0x000000076b580000, 0x0000000774980000, 0x00000007c0000000)
  eden space 130048K, 0% used [0x000000076b580000,0x000000076b580000,0x0000000773480000)
  from space 10752K, 0% used [0x0000000773f00000,0x0000000773f00000,0x0000000774980000)
  to   space 10752K, 0% used [0x0000000773480000,0x0000000773480000,0x0000000773f00000)
 ParOldGen       total 112128K, used 8554K [0x00000006c2000000, 0x00000006c8d80000, 0x000000076b580000)
  object space 112128K, 7% used [0x00000006c2000000,0x00000006c285a980,0x00000006c8d80000)
 Metaspace       used 20730K, capacity 21054K, committed 21296K, reserved 1067008K
  class space    used 2709K, capacity 2835K, committed 2864K, reserved 1048576K
}
Event: 2.515 GC heap before
{Heap before GC invocations=4 (full 1):
 PSYoungGen      total 140800K, used 102805K [0x000000076b580000, 0x0000000774980000, 0x00000007c0000000)
  eden space 130048K, 79% used [0x000000076b580000,0x00000007719e5568,0x0000000773480000)
  from space 10752K, 0% used [0x0000000773f00000,0x0000000773f00000,0x0000000774980000)
  to   space 10752K, 0% used [0x0000000773480000,0x0000000773480000,0x0000000773f00000)
 ParOldGen       total 112128K, used 8554K [0x00000006c2000000, 0x00000006c8d80000, 0x000000076b580000)
  object space 112128K, 7% used [0x00000006c2000000,0x00000006c285a980,0x00000006c8d80000)
 Metaspace       used 34745K, capacity 35249K, committed 35496K, reserved 1081344K
  class space    used 4503K, capacity 4655K, committed 4656K, reserved 1048576K
Event: 2.532 GC heap after
Heap after GC invocations=4 (full 1):
 PSYoungGen      total 140800K, used 10722K [0x000000076b580000, 0x0000000774980000, 0x00000007c0000000)
  eden space 130048K, 0% used [0x000000076b580000,0x000000076b580000,0x0000000773480000)
  from space 10752K, 99% used [0x0000000773480000,0x0000000773ef8918,0x0000000773f00000)
  to   space 10752K, 0% used [0x0000000773f00000,0x0000000773f00000,0x0000000774980000)
 ParOldGen       total 112128K, used 22819K [0x00000006c2000000, 0x00000006c8d80000, 0x000000076b580000)
  object space 112128K, 20% used [0x00000006c2000000,0x00000006c3648e00,0x00000006c8d80000)
 Metaspace       used 34745K, capacity 35249K, committed 35496K, reserved 1081344K
  class space    used 4503K, capacity 4655K, committed 4656K, reserved 1048576K
}
Event: 2.532 GC heap before
{Heap before GC invocations=5 (full 2):
 PSYoungGen      total 140800K, used 10722K [0x000000076b580000, 0x0000000774980000, 0x00000007c0000000)
  eden space 130048K, 0% used [0x000000076b580000,0x000000076b580000,0x0000000773480000)
  from space 10752K, 99% used [0x0000000773480000,0x0000000773ef8918,0x0000000773f00000)
  to   space 10752K, 0% used [0x0000000773f00000,0x0000000773f00000,0x0000000774980000)
 ParOldGen       total 112128K, used 22819K [0x00000006c2000000, 0x00000006c8d80000, 0x000000076b580000)
  object space 112128K, 20% used [0x00000006c2000000,0x00000006c3648e00,0x00000006c8d80000)
 Metaspace       used 34745K, capacity 35249K, committed 35496K, reserved 1081344K
  class space    used 4503K, capacity 4655K, committed 4656K, reserved 1048576K
Event: 2.606 GC heap after
Heap after GC invocations=5 (full 2):
 PSYoungGen      total 140800K, used 0K [0x000000076b580000, 0x0000000774980000, 0x00000007c0000000)
  eden space 130048K, 0% used [0x000000076b580000,0x000000076b580000,0x0000000773480000)
  from space 10752K, 0% used [0x0000000773480000,0x0000000773480000,0x0000000773f00000)
  to   space 10752K, 0% used [0x0000000773f00000,0x0000000773f00000,0x0000000774980000)
 ParOldGen       total 112128K, used 29828K [0x00000006c2000000, 0x00000006c8d80000, 0x000000076b580000)
  object space 112128K, 26% used [0x00000006c2000000,0x00000006c3d213b8,0x00000006c8d80000)
 Metaspace       used 34745K, capacity 35249K, committed 35496K, reserved 1081344K
  class space    used 4503K, capacity 4655K, committed 4656K, reserved 1048576K
}

